Using pre-set license
Built from '2020.2/release' branch; Version is '2020.2.1f1 (270dd8c3da1c) revision 2559448'; Using compiler version '192528614'; Build Type 'Release'
OS: 'Windows 10  (10.0.0) 64bit' Language: 'en' Physical Memory: 16080 MB
BatchMode: 1, IsHumanControllingUs: 0, StartBugReporterOnCrash: 0, Is64bit: 1, IsPro: 0

 COMMAND LINE ARGUMENTS:
C:\Program Files\Unity\Hub\Editor\2020.2.1f1\Editor\Unity.exe
-adb2
-batchMode
-noUpm
-name
AssetImportWorker0
-projectPath
C:/CSCI4160U/AONYA_MASTER/AONYA
-logFile
Logs/AssetImportWorker0.log
-srvPort
53417
Successfully changed project path to: C:/CSCI4160U/AONYA_MASTER/AONYA
C:/CSCI4160U/AONYA_MASTER/AONYA
Using Asset Import Pipeline V2.
Refreshing native plugins compatible for Editor in 93.25 ms, found 1 plugins.
Preloading 0 native plugins for Editor in 0.00 ms.
Initialize engine version: 2020.2.1f1 (270dd8c3da1c)
[Subsystems] Discovering subsystems at path C:/Program Files/Unity/Hub/Editor/2020.2.1f1/Editor/Data/Resources/UnitySubsystems
[Subsystems] Discovering subsystems at path C:/CSCI4160U/AONYA_MASTER/AONYA/Assets
GfxDevice: creating device client; threaded=0
Direct3D:
    Version:  Direct3D 11.0 [level 11.1]
    Renderer: Intel(R) HD Graphics 5500 (ID=0x1616)
    Vendor:   
    VRAM:     8040 MB
    Driver:   20.19.15.4835
Shader 'Universal Render Pipeline/Particles/Lit': fallback shader 'Universal Render Pipeline/Particles/SimpleLit' not found
Initialize mono
Mono path[0] = 'C:/Program Files/Unity/Hub/Editor/2020.2.1f1/Editor/Data/Managed'
Mono path[1] = 'C:/Program Files/Unity/Hub/Editor/2020.2.1f1/Editor/Data/MonoBleedingEdge/lib/mono/unityjit'
Mono config path = 'C:/Program Files/Unity/Hub/Editor/2020.2.1f1/Editor/Data/MonoBleedingEdge/etc'
Using monoOptions --debugger-agent=transport=dt_socket,embedding=1,server=y,suspend=n,address=127.0.0.1:56116
Begin MonoManager ReloadAssembly
Registering precompiled unity dll's ...
Register platform support module: C:/Program Files/Unity/Hub/Editor/2020.2.1f1/Editor/Data/PlaybackEngines/WebGLSupport/UnityEditor.WebGL.Extensions.dll
Register platform support module: C:/Program Files/Unity/Hub/Editor/2020.2.1f1/Editor/Data/PlaybackEngines/WindowsStandaloneSupport/UnityEditor.WindowsStandalone.Extensions.dll
Registered in 0.002549 seconds.
Native extension for WindowsStandalone target not found
Native extension for WebGL target not found
Refreshing native plugins compatible for Editor in 92.54 ms, found 1 plugins.
Preloading 0 native plugins for Editor in 0.00 ms.
Invoked RoslynAnalysisRunner static constructor.
RoslynAnalysisRunner will not be running.
RoslynAnalysisRunner has terminated.
Mono: successfully reloaded assembly
- Completed reload, in  1.753 seconds
Platform modules already initialized, skipping
Registering precompiled user dll's ...
Registered in 0.002245 seconds.
Begin MonoManager ReloadAssembly
Native extension for WindowsStandalone target not found
Native extension for WebGL target not found
Refreshing native plugins compatible for Editor in 96.65 ms, found 1 plugins.
Preloading 0 native plugins for Editor in 0.00 ms.
Invoked RoslynAnalysisRunner static constructor.
RoslynAnalysisRunner will not be running.
RoslynAnalysisRunner has terminated.
Mono: successfully reloaded assembly
- Completed reload, in  1.748 seconds
Platform modules already initialized, skipping
========================================================================
Worker process is ready to serve import requests
Shader 'Universal Render Pipeline/Particles/Lit': fallback shader 'Universal Render Pipeline/Particles/SimpleLit' not found
Launched and connected shader compiler UnityShaderCompiler.exe after 0.05 seconds
Refreshing native plugins compatible for Editor in 1.44 ms, found 1 plugins.
Preloading 0 native plugins for Editor in 0.00 ms.
Unloading 3139 Unused Serialized files (Serialized files now loaded: 0)
System memory in use before: 138.6 MB.
System memory in use after: 138.8 MB.

Unloading 21 unused Assets to reduce memory usage. Loaded Objects now: 3585.
Total: 3.502600 ms (FindLiveObjects: 0.489900 ms CreateObjectMapping: 0.200200 ms MarkObjects: 2.727000 ms  DeleteObjects: 0.083500 ms)

========================================================================
Received Import Request.
  path: Assets/TextMesh Pro/Fonts/CrimsonText-Regular.ttf
  artifactKey: Guid(588fdc6b7ffb1d24682edbb370c3925c) Importer(815301076,1909f56bfc062723c751e8b465ee728b)
Start importing Assets/TextMesh Pro/Fonts/CrimsonText-Regular.ttf using Guid(588fdc6b7ffb1d24682edbb370c3925c) Importer(815301076,1909f56bfc062723c751e8b465ee728b)  -> (artifact id: 'aeedca59a7f884b578e0bdc43804a244') in 0.321303 seconds
  Import took 0.330107 seconds .

========================================================================
Received Import Request.
  Time since last request: 0.000293 seconds.
  path: Assets/TextMesh Pro/Fonts/Bwana (Non-Commerical Use) SDF.asset
  artifactKey: Guid(67c546075752a254bbf29af7da90f8c2) Importer(815301076,1909f56bfc062723c751e8b465ee728b)
Start importing Assets/TextMesh Pro/Fonts/Bwana (Non-Commerical Use) SDF.asset using Guid(67c546075752a254bbf29af7da90f8c2) Importer(815301076,1909f56bfc062723c751e8b465ee728b)  -> (artifact id: '19ac67ae5c078adeb40eef2c54f90a8d') in 0.088367 seconds
  Import took 0.097056 seconds .

========================================================================
Received Import Request.
  Time since last request: 3.818189 seconds.
  path: Assets/TextMesh Pro/Fonts/CrimsonText-Regular SDF.asset
  artifactKey: Guid(e59958816558ebc47895494ef6bcbc08) Importer(815301076,1909f56bfc062723c751e8b465ee728b)
Start importing Assets/TextMesh Pro/Fonts/CrimsonText-Regular SDF.asset using Guid(e59958816558ebc47895494ef6bcbc08) Importer(815301076,1909f56bfc062723c751e8b465ee728b)  -> (artifact id: '64fe3695e05866223b88816ba0a9556d') in 0.042940 seconds
  Import took 0.050853 seconds .

========================================================================
Received Import Request.
  Time since last request: 25.589654 seconds.
  path: Assets/Prefabs/UI/Inventory/InventorySlot.prefab
  artifactKey: Guid(afa4f78512e57b4468d2c1c6c02bcd15) Importer(815301076,1909f56bfc062723c751e8b465ee728b)
Start importing Assets/Prefabs/UI/Inventory/InventorySlot.prefab using Guid(afa4f78512e57b4468d2c1c6c02bcd15) Importer(815301076,1909f56bfc062723c751e8b465ee728b)  -> (artifact id: 'd6a892b9b6a94778b925ce24e4092e67') in 0.047892 seconds
  Import took 0.055295 seconds .

========================================================================
Received Prepare
Registering precompiled user dll's ...
Registered in 0.002823 seconds.
Begin MonoManager ReloadAssembly
Native extension for WindowsStandalone target not found
Native extension for WebGL target not found
Refreshing native plugins compatible for Editor in 1.18 ms, found 1 plugins.
Preloading 0 native plugins for Editor in 0.00 ms.
Invoked RoslynAnalysisRunner static constructor.
RoslynAnalysisRunner will not be running.
RoslynAnalysisRunner has terminated.
Mono: successfully reloaded assembly
- Completed reload, in  1.425 seconds
Platform modules already initialized, skipping
Shader 'Universal Render Pipeline/Particles/Lit': fallback shader 'Universal Render Pipeline/Particles/SimpleLit' not found
Refreshing native plugins compatible for Editor in 0.96 ms, found 1 plugins.
Preloading 0 native plugins for Editor in 0.00 ms.
Unloading 3010 Unused Serialized files (Serialized files now loaded: 0)
System memory in use before: 137.1 MB.
System memory in use after: 137.4 MB.

Unloading 9 unused Assets to reduce memory usage. Loaded Objects now: 3670.
Total: 3.961400 ms (FindLiveObjects: 0.872300 ms CreateObjectMapping: 0.420400 ms MarkObjects: 2.644000 ms  DeleteObjects: 0.022700 ms)

========================================================================
Received Prepare
Registering precompiled user dll's ...
Registered in 0.003001 seconds.
Begin MonoManager ReloadAssembly
Native extension for WindowsStandalone target not found
Native extension for WebGL target not found
Refreshing native plugins compatible for Editor in 0.79 ms, found 1 plugins.
Preloading 0 native plugins for Editor in 0.00 ms.
Invoked RoslynAnalysisRunner static constructor.
RoslynAnalysisRunner will not be running.
RoslynAnalysisRunner has terminated.
Mono: successfully reloaded assembly
- Completed reload, in  1.241 seconds
Platform modules already initialized, skipping
Shader 'Universal Render Pipeline/Particles/Lit': fallback shader 'Universal Render Pipeline/Particles/SimpleLit' not found
Refreshing native plugins compatible for Editor in 1.11 ms, found 1 plugins.
Preloading 0 native plugins for Editor in 0.00 ms.
Unloading 3010 Unused Serialized files (Serialized files now loaded: 0)
System memory in use before: 138.2 MB.
System memory in use after: 138.4 MB.

Unloading 9 unused Assets to reduce memory usage. Loaded Objects now: 3673.
Total: 2.905300 ms (FindLiveObjects: 0.408800 ms CreateObjectMapping: 0.210900 ms MarkObjects: 2.262500 ms  DeleteObjects: 0.021100 ms)

========================================================================
Received Import Request.
  Time since last request: 409.824557 seconds.
  path: Assets/Prefabs/UI/Inventory/InventorySlot.prefab
  artifactKey: Guid(afa4f78512e57b4468d2c1c6c02bcd15) Importer(815301076,1909f56bfc062723c751e8b465ee728b)
Start importing Assets/Prefabs/UI/Inventory/InventorySlot.prefab using Guid(afa4f78512e57b4468d2c1c6c02bcd15) Importer(815301076,1909f56bfc062723c751e8b465ee728b)  -> (artifact id: '5ef0786510bfa8b12154fafa35b1bbfc') in 0.123992 seconds
  Import took 0.134309 seconds .

========================================================================
Received Prepare
Registering precompiled user dll's ...
Registered in 0.002166 seconds.
Begin MonoManager ReloadAssembly
Native extension for WindowsStandalone target not found
Native extension for WebGL target not found
Refreshing native plugins compatible for Editor in 0.77 ms, found 1 plugins.
Preloading 0 native plugins for Editor in 0.00 ms.
Invoked RoslynAnalysisRunner static constructor.
RoslynAnalysisRunner will not be running.
RoslynAnalysisRunner has terminated.
Mono: successfully reloaded assembly
- Completed reload, in  1.206 seconds
Platform modules already initialized, skipping
Shader 'Universal Render Pipeline/Particles/Lit': fallback shader 'Universal Render Pipeline/Particles/SimpleLit' not found
Refreshing native plugins compatible for Editor in 1.17 ms, found 1 plugins.
Preloading 0 native plugins for Editor in 0.00 ms.
Unloading 3010 Unused Serialized files (Serialized files now loaded: 0)
System memory in use before: 138.2 MB.
System memory in use after: 138.4 MB.

Unloading 9 unused Assets to reduce memory usage. Loaded Objects now: 3676.
Total: 2.853200 ms (FindLiveObjects: 0.373000 ms CreateObjectMapping: 0.178900 ms MarkObjects: 2.280000 ms  DeleteObjects: 0.019800 ms)

========================================================================
Received Import Request.
  Time since last request: 21.292692 seconds.
  path: Assets/Prefabs/Player.prefab
  artifactKey: Guid(e773c45d42b106f42ba63d9b994bea4a) Importer(815301076,1909f56bfc062723c751e8b465ee728b)
Start importing Assets/Prefabs/Player.prefab using Guid(e773c45d42b106f42ba63d9b994bea4a) Importer(815301076,1909f56bfc062723c751e8b465ee728b)  -> (artifact id: '464b1688013a6acde54ebed691e415e1') in 0.256867 seconds
  Import took 0.270332 seconds .

========================================================================
Received Import Request.
  Time since last request: 2.040647 seconds.
  path: Assets/Prefabs/Player.prefab
  artifactKey: Guid(e773c45d42b106f42ba63d9b994bea4a) Importer(815301076,1909f56bfc062723c751e8b465ee728b)
Start importing Assets/Prefabs/Player.prefab using Guid(e773c45d42b106f42ba63d9b994bea4a) Importer(815301076,1909f56bfc062723c751e8b465ee728b)  -> (artifact id: 'b395bbd8c625679019796902582a84d1') in 0.035646 seconds
  Import took 0.045925 seconds .

========================================================================
Received Prepare
Registering precompiled user dll's ...
Registered in 0.002105 seconds.
Begin MonoManager ReloadAssembly
Native extension for WindowsStandalone target not found
Native extension for WebGL target not found
Refreshing native plugins compatible for Editor in 0.79 ms, found 1 plugins.
Preloading 0 native plugins for Editor in 0.00 ms.
Invoked RoslynAnalysisRunner static constructor.
RoslynAnalysisRunner will not be running.
RoslynAnalysisRunner has terminated.
Mono: successfully reloaded assembly
- Completed reload, in  1.264 seconds
Platform modules already initialized, skipping
Shader 'Universal Render Pipeline/Particles/Lit': fallback shader 'Universal Render Pipeline/Particles/SimpleLit' not found
Refreshing native plugins compatible for Editor in 1.21 ms, found 1 plugins.
Preloading 0 native plugins for Editor in 0.00 ms.
Unloading 3010 Unused Serialized files (Serialized files now loaded: 0)
System memory in use before: 138.3 MB.
System memory in use after: 138.5 MB.

Unloading 9 unused Assets to reduce memory usage. Loaded Objects now: 3715.
Total: 3.031800 ms (FindLiveObjects: 0.355600 ms CreateObjectMapping: 0.198000 ms MarkObjects: 2.455300 ms  DeleteObjects: 0.021400 ms)

========================================================================
Received Prepare
Registering precompiled user dll's ...
Registered in 0.002156 seconds.
Begin MonoManager ReloadAssembly
Native extension for WindowsStandalone target not found
Native extension for WebGL target not found
Refreshing native plugins compatible for Editor in 0.83 ms, found 1 plugins.
Preloading 0 native plugins for Editor in 0.00 ms.
Invoked RoslynAnalysisRunner static constructor.
RoslynAnalysisRunner will not be running.
RoslynAnalysisRunner has terminated.
Mono: successfully reloaded assembly
- Completed reload, in  1.354 seconds
Platform modules already initialized, skipping
Shader 'Universal Render Pipeline/Particles/Lit': fallback shader 'Universal Render Pipeline/Particles/SimpleLit' not found
Refreshing native plugins compatible for Editor in 0.99 ms, found 1 plugins.
Preloading 0 native plugins for Editor in 0.00 ms.
Unloading 3010 Unused Serialized files (Serialized files now loaded: 0)
System memory in use before: 138.4 MB.
System memory in use after: 138.6 MB.

Unloading 9 unused Assets to reduce memory usage. Loaded Objects now: 3718.
Total: 13.829800 ms (FindLiveObjects: 1.376400 ms CreateObjectMapping: 0.602700 ms MarkObjects: 11.824700 ms  DeleteObjects: 0.023700 ms)

========================================================================
Received Import Request.
  Time since last request: 197.543923 seconds.
  path: Assets/Prefabs/Player.prefab
  artifactKey: Guid(e773c45d42b106f42ba63d9b994bea4a) Importer(815301076,1909f56bfc062723c751e8b465ee728b)
Start importing Assets/Prefabs/Player.prefab using Guid(e773c45d42b106f42ba63d9b994bea4a) Importer(815301076,1909f56bfc062723c751e8b465ee728b)  -> (artifact id: '45432755d4ed4eca627f79b3f23658c7') in 0.229832 seconds
  Import took 0.239648 seconds .

========================================================================
Received Import Request.
  Time since last request: 2.761592 seconds.
  path: Assets/Prefabs/Player.prefab
  artifactKey: Guid(e773c45d42b106f42ba63d9b994bea4a) Importer(815301076,1909f56bfc062723c751e8b465ee728b)
Start importing Assets/Prefabs/Player.prefab using Guid(e773c45d42b106f42ba63d9b994bea4a) Importer(815301076,1909f56bfc062723c751e8b465ee728b)  -> (artifact id: '5de87c23c43b8a1d803fc3f5d6f4de38') in 0.041945 seconds
  Import took 0.053093 seconds .

========================================================================
Received Import Request.
  Time since last request: 4.417371 seconds.
  path: Assets/Prefabs/Player.prefab
  artifactKey: Guid(e773c45d42b106f42ba63d9b994bea4a) Importer(815301076,1909f56bfc062723c751e8b465ee728b)
Start importing Assets/Prefabs/Player.prefab using Guid(e773c45d42b106f42ba63d9b994bea4a) Importer(815301076,1909f56bfc062723c751e8b465ee728b)  -> (artifact id: 'a7b01c8534b90c7acc37d7d1d997e575') in 0.032969 seconds
  Import took 0.044247 seconds .

========================================================================
Received Prepare
Registering precompiled user dll's ...
Registered in 0.002096 seconds.
Begin MonoManager ReloadAssembly
Native extension for WindowsStandalone target not found
Native extension for WebGL target not found
Refreshing native plugins compatible for Editor in 0.76 ms, found 1 plugins.
Preloading 0 native plugins for Editor in 0.00 ms.
Invoked RoslynAnalysisRunner static constructor.
RoslynAnalysisRunner will not be running.
RoslynAnalysisRunner has terminated.
Mono: successfully reloaded assembly
- Completed reload, in  1.244 seconds
Platform modules already initialized, skipping
Shader 'Universal Render Pipeline/Particles/Lit': fallback shader 'Universal Render Pipeline/Particles/SimpleLit' not found
Refreshing native plugins compatible for Editor in 1.14 ms, found 1 plugins.
Preloading 0 native plugins for Editor in 0.00 ms.
Unloading 3010 Unused Serialized files (Serialized files now loaded: 0)
System memory in use before: 138.5 MB.
System memory in use after: 138.8 MB.

Unloading 9 unused Assets to reduce memory usage. Loaded Objects now: 3757.
Total: 3.187800 ms (FindLiveObjects: 0.465000 ms CreateObjectMapping: 0.272000 ms MarkObjects: 2.425300 ms  DeleteObjects: 0.023400 ms)

========================================================================
Received Import Request.
  Time since last request: 63.901884 seconds.
  path: Assets/Prefabs/Player.prefab
  artifactKey: Guid(e773c45d42b106f42ba63d9b994bea4a) Importer(815301076,1909f56bfc062723c751e8b465ee728b)
Start importing Assets/Prefabs/Player.prefab using Guid(e773c45d42b106f42ba63d9b994bea4a) Importer(815301076,1909f56bfc062723c751e8b465ee728b)  -> (artifact id: '6a894d9b1c21d5c7b9b5bd45689f47c5') in 0.253851 seconds
  Import took 0.267468 seconds .

========================================================================
Received Prepare
Registering precompiled user dll's ...
Registered in 0.002101 seconds.
Begin MonoManager ReloadAssembly
Native extension for WindowsStandalone target not found
Native extension for WebGL target not found
Refreshing native plugins compatible for Editor in 0.82 ms, found 1 plugins.
Preloading 0 native plugins for Editor in 0.00 ms.
Invoked RoslynAnalysisRunner static constructor.
RoslynAnalysisRunner will not be running.
RoslynAnalysisRunner has terminated.
Mono: successfully reloaded assembly
- Completed reload, in  1.231 seconds
Platform modules already initialized, skipping
Shader 'Universal Render Pipeline/Particles/Lit': fallback shader 'Universal Render Pipeline/Particles/SimpleLit' not found
Refreshing native plugins compatible for Editor in 0.77 ms, found 1 plugins.
Preloading 0 native plugins for Editor in 0.00 ms.
Unloading 3010 Unused Serialized files (Serialized files now loaded: 0)
System memory in use before: 138.6 MB.
System memory in use after: 138.9 MB.

Unloading 9 unused Assets to reduce memory usage. Loaded Objects now: 3796.
Total: 3.133500 ms (FindLiveObjects: 0.467200 ms CreateObjectMapping: 0.316600 ms MarkObjects: 2.325600 ms  DeleteObjects: 0.022200 ms)

========================================================================
Received Import Request.
  Time since last request: 45.013972 seconds.
  path: Assets/Prefabs/Player.prefab
  artifactKey: Guid(e773c45d42b106f42ba63d9b994bea4a) Importer(815301076,1909f56bfc062723c751e8b465ee728b)
Start importing Assets/Prefabs/Player.prefab using Guid(e773c45d42b106f42ba63d9b994bea4a) Importer(815301076,1909f56bfc062723c751e8b465ee728b)  -> (artifact id: '9d9296bc715054a475b17d6d975b57d1') in 0.250981 seconds
  Import took 0.261837 seconds .

========================================================================
Received Prepare
Registering precompiled user dll's ...
Registered in 0.002051 seconds.
Begin MonoManager ReloadAssembly
Native extension for WindowsStandalone target not found
Native extension for WebGL target not found
Refreshing native plugins compatible for Editor in 0.76 ms, found 1 plugins.
Preloading 0 native plugins for Editor in 0.00 ms.
Invoked RoslynAnalysisRunner static constructor.
RoslynAnalysisRunner will not be running.
RoslynAnalysisRunner has terminated.
Mono: successfully reloaded assembly
- Completed reload, in  1.351 seconds
Platform modules already initialized, skipping
Shader 'Universal Render Pipeline/Particles/Lit': fallback shader 'Universal Render Pipeline/Particles/SimpleLit' not found
Refreshing native plugins compatible for Editor in 0.97 ms, found 1 plugins.
Preloading 0 native plugins for Editor in 0.00 ms.
Unloading 3010 Unused Serialized files (Serialized files now loaded: 0)
System memory in use before: 138.7 MB.
System memory in use after: 139.0 MB.

Unloading 9 unused Assets to reduce memory usage. Loaded Objects now: 3835.
Total: 2.893900 ms (FindLiveObjects: 0.341500 ms CreateObjectMapping: 0.163600 ms MarkObjects: 2.366600 ms  DeleteObjects: 0.021100 ms)

========================================================================
Received Prepare
Registering precompiled user dll's ...
Registered in 0.002073 seconds.
Begin MonoManager ReloadAssembly
Native extension for WindowsStandalone target not found
Native extension for WebGL target not found
Refreshing native plugins compatible for Editor in 0.75 ms, found 1 plugins.
Preloading 0 native plugins for Editor in 0.00 ms.
Invoked RoslynAnalysisRunner static constructor.
RoslynAnalysisRunner will not be running.
RoslynAnalysisRunner has terminated.
Mono: successfully reloaded assembly
- Completed reload, in  1.180 seconds
Platform modules already initialized, skipping
Shader 'Universal Render Pipeline/Particles/Lit': fallback shader 'Universal Render Pipeline/Particles/SimpleLit' not found
Refreshing native plugins compatible for Editor in 0.80 ms, found 1 plugins.
Preloading 0 native plugins for Editor in 0.00 ms.
Unloading 3010 Unused Serialized files (Serialized files now loaded: 0)
System memory in use before: 138.8 MB.
System memory in use after: 139.0 MB.

Unloading 9 unused Assets to reduce memory usage. Loaded Objects now: 3838.
Total: 3.003000 ms (FindLiveObjects: 0.348500 ms CreateObjectMapping: 0.169000 ms MarkObjects: 2.463300 ms  DeleteObjects: 0.020800 ms)

========================================================================
Received Import Request.
  Time since last request: 290.578003 seconds.
  path: Assets/Prefabs/Enemies/Inner Demon.prefab
  artifactKey: Guid(c2e91151d00459d44aa0625040ab65b4) Importer(815301076,1909f56bfc062723c751e8b465ee728b)
Start importing Assets/Prefabs/Enemies/Inner Demon.prefab using Guid(c2e91151d00459d44aa0625040ab65b4) Importer(815301076,1909f56bfc062723c751e8b465ee728b)  -> (artifact id: '3f797c8c2374c1fc47b93973e867cafc') in 0.219565 seconds
  Import took 0.229944 seconds .

========================================================================
Received Import Request.
  Time since last request: 22.938958 seconds.
  path: Assets/Prefabs/Enemies/L1/Skully_L1 (Patrolling).prefab
  artifactKey: Guid(114e364b090b96e40ab32853a2017e0b) Importer(815301076,1909f56bfc062723c751e8b465ee728b)
Start importing Assets/Prefabs/Enemies/L1/Skully_L1 (Patrolling).prefab using Guid(114e364b090b96e40ab32853a2017e0b) Importer(815301076,1909f56bfc062723c751e8b465ee728b)  -> (artifact id: 'caae9ce9265bc49e0b2d2adc779d361a') in 0.041470 seconds
  Import took 0.053150 seconds .

========================================================================
Received Import Request.
  Time since last request: 4.412137 seconds.
  path: Assets/Prefabs/Enemies/L1/Skully_L1 (Sleeping).prefab
  artifactKey: Guid(4623dbf17f6da01449a6cc9871b59029) Importer(815301076,1909f56bfc062723c751e8b465ee728b)
Start importing Assets/Prefabs/Enemies/L1/Skully_L1 (Sleeping).prefab using Guid(4623dbf17f6da01449a6cc9871b59029) Importer(815301076,1909f56bfc062723c751e8b465ee728b)  -> (artifact id: '1a23af223f4575c246d17c3123e47328') in 0.043817 seconds
  Import took 0.054637 seconds .

========================================================================
Received Import Request.
  Time since last request: 8.282102 seconds.
  path: Assets/Prefabs/Enemies/L2/Skully_L2 (Patorlling).prefab
  artifactKey: Guid(42e32c70c74718b4e87232d6560efe7d) Importer(815301076,1909f56bfc062723c751e8b465ee728b)
Start importing Assets/Prefabs/Enemies/L2/Skully_L2 (Patorlling).prefab using Guid(42e32c70c74718b4e87232d6560efe7d) Importer(815301076,1909f56bfc062723c751e8b465ee728b)  -> (artifact id: '1907ca673955642bb8e7dd6bd78f3a99') in 0.037476 seconds
  Import took 0.050632 seconds .

========================================================================
Received Import Request.
  Time since last request: 5.291892 seconds.
  path: Assets/Prefabs/Enemies/L2/Skully_L2 (Sleeping).prefab
  artifactKey: Guid(515ed2daccb809b4195964adbcc7437d) Importer(815301076,1909f56bfc062723c751e8b465ee728b)
Start importing Assets/Prefabs/Enemies/L2/Skully_L2 (Sleeping).prefab using Guid(515ed2daccb809b4195964adbcc7437d) Importer(815301076,1909f56bfc062723c751e8b465ee728b)  -> (artifact id: '95f131fe4dc3e17bc0ffede848eb8c5c') in 0.029919 seconds
  Import took 0.041427 seconds .

========================================================================
Received Import Request.
  Time since last request: 7.527107 seconds.
  path: Assets/Prefabs/Enemies/L3/Skully_L3 (Patrolling).prefab
  artifactKey: Guid(baff66c187070fb459351e749fe77d18) Importer(815301076,1909f56bfc062723c751e8b465ee728b)
Start importing Assets/Prefabs/Enemies/L3/Skully_L3 (Patrolling).prefab using Guid(baff66c187070fb459351e749fe77d18) Importer(815301076,1909f56bfc062723c751e8b465ee728b)  -> (artifact id: 'c3bc971b057e6239f8f3366b8c642258') in 0.037418 seconds
  Import took 0.050393 seconds .

========================================================================
Received Import Request.
  Time since last request: 4.425120 seconds.
  path: Assets/Prefabs/Enemies/L3/Skully_L3 (Sleeping).prefab
  artifactKey: Guid(46844923390c7e440b755183bed897d9) Importer(815301076,1909f56bfc062723c751e8b465ee728b)
Start importing Assets/Prefabs/Enemies/L3/Skully_L3 (Sleeping).prefab using Guid(46844923390c7e440b755183bed897d9) Importer(815301076,1909f56bfc062723c751e8b465ee728b)  -> (artifact id: 'e0a3b6d08e58d19ec1c2193be190fa4f') in 0.042736 seconds
  Import took 0.051318 seconds .

========================================================================
Received Import Request.
  Time since last request: 11.626010 seconds.
  path: Assets/Prefabs/Enemies/Inner Demon.prefab
  artifactKey: Guid(c2e91151d00459d44aa0625040ab65b4) Importer(815301076,1909f56bfc062723c751e8b465ee728b)
Start importing Assets/Prefabs/Enemies/Inner Demon.prefab using Guid(c2e91151d00459d44aa0625040ab65b4) Importer(815301076,1909f56bfc062723c751e8b465ee728b)  -> (artifact id: '321f1e02851cce7f77f21ba5fb9c5ab9') in 0.062185 seconds
  Import took 0.072050 seconds .

========================================================================
Received Prepare
Registering precompiled user dll's ...
Registered in 0.001967 seconds.
Begin MonoManager ReloadAssembly
Native extension for WindowsStandalone target not found
Native extension for WebGL target not found
Refreshing native plugins compatible for Editor in 0.88 ms, found 1 plugins.
Preloading 0 native plugins for Editor in 0.00 ms.
Invoked RoslynAnalysisRunner static constructor.
RoslynAnalysisRunner will not be running.
RoslynAnalysisRunner has terminated.
Mono: successfully reloaded assembly
- Completed reload, in  1.398 seconds
Platform modules already initialized, skipping
Shader 'Universal Render Pipeline/Particles/Lit': fallback shader 'Universal Render Pipeline/Particles/SimpleLit' not found
Refreshing native plugins compatible for Editor in 0.88 ms, found 1 plugins.
Preloading 0 native plugins for Editor in 0.00 ms.
Unloading 3010 Unused Serialized files (Serialized files now loaded: 0)
System memory in use before: 139.0 MB.
System memory in use after: 139.2 MB.

Unloading 9 unused Assets to reduce memory usage. Loaded Objects now: 3877.
Total: 3.240200 ms (FindLiveObjects: 0.504200 ms CreateObjectMapping: 0.191800 ms MarkObjects: 2.517400 ms  DeleteObjects: 0.024600 ms)

========================================================================
Received Prepare
Registering precompiled user dll's ...
Registered in 0.004149 seconds.
Begin MonoManager ReloadAssembly
Native extension for WindowsStandalone target not found
Native extension for WebGL target not found
Refreshing native plugins compatible for Editor in 0.99 ms, found 1 plugins.
Preloading 0 native plugins for Editor in 0.00 ms.
Invoked RoslynAnalysisRunner static constructor.
RoslynAnalysisRunner will not be running.
RoslynAnalysisRunner has terminated.
Mono: successfully reloaded assembly
- Completed reload, in  1.335 seconds
Platform modules already initialized, skipping
Shader 'Universal Render Pipeline/Particles/Lit': fallback shader 'Universal Render Pipeline/Particles/SimpleLit' not found
Refreshing native plugins compatible for Editor in 2.14 ms, found 1 plugins.
Preloading 0 native plugins for Editor in 0.00 ms.
Unloading 3010 Unused Serialized files (Serialized files now loaded: 0)
System memory in use before: 139.0 MB.
System memory in use after: 139.2 MB.

Unloading 9 unused Assets to reduce memory usage. Loaded Objects now: 3880.
Total: 3.546200 ms (FindLiveObjects: 0.442200 ms CreateObjectMapping: 0.247000 ms MarkObjects: 2.830300 ms  DeleteObjects: 0.025000 ms)

========================================================================
Received Import Request.
  Time since last request: 90.639053 seconds.
  path: Assets/Prefabs/Enemies/Inner Demon.prefab
  artifactKey: Guid(c2e91151d00459d44aa0625040ab65b4) Importer(815301076,1909f56bfc062723c751e8b465ee728b)
Start importing Assets/Prefabs/Enemies/Inner Demon.prefab using Guid(c2e91151d00459d44aa0625040ab65b4) Importer(815301076,1909f56bfc062723c751e8b465ee728b)  -> (artifact id: 'e8bf68d5bd5d8e9cf95d91450506a788') in 0.295529 seconds
  Import took 0.304769 seconds .

========================================================================
Received Import Request.
  Time since last request: 2.816312 seconds.
  path: Assets/Prefabs/Enemies/L1/Skully_L1 (Patrolling).prefab
  artifactKey: Guid(114e364b090b96e40ab32853a2017e0b) Importer(815301076,1909f56bfc062723c751e8b465ee728b)
Start importing Assets/Prefabs/Enemies/L1/Skully_L1 (Patrolling).prefab using Guid(114e364b090b96e40ab32853a2017e0b) Importer(815301076,1909f56bfc062723c751e8b465ee728b)  -> (artifact id: '834b598d38d478c0a665e91b71d8d861') in 0.026470 seconds
  Import took 0.036297 seconds .

========================================================================
Received Import Request.
  Time since last request: 0.001855 seconds.
  path: Assets/Prefabs/Enemies/L1/Skully_L1 (Patrolling).prefab
  artifactKey: Guid(114e364b090b96e40ab32853a2017e0b) Importer(815301076,1909f56bfc062723c751e8b465ee728b)
Start importing Assets/Prefabs/Enemies/L1/Skully_L1 (Patrolling).prefab using Guid(114e364b090b96e40ab32853a2017e0b) Importer(815301076,1909f56bfc062723c751e8b465ee728b)  -> (artifact id: '834b598d38d478c0a665e91b71d8d861') in 0.027872 seconds
  Import took 0.056696 seconds .

========================================================================
Received Import Request.
  Time since last request: 3.750231 seconds.
  path: Assets/Prefabs/Enemies/L1/Skully_L1 (Sleeping).prefab
  artifactKey: Guid(4623dbf17f6da01449a6cc9871b59029) Importer(815301076,1909f56bfc062723c751e8b465ee728b)
Start importing Assets/Prefabs/Enemies/L1/Skully_L1 (Sleeping).prefab using Guid(4623dbf17f6da01449a6cc9871b59029) Importer(815301076,1909f56bfc062723c751e8b465ee728b)  -> (artifact id: '51840ffb2380d78c85d82c8152e5b2fc') in 0.026944 seconds
  Import took 0.037110 seconds .

========================================================================
Received Import Request.
  Time since last request: 6.842907 seconds.
  path: Assets/Prefabs/Enemies/L2/Skully_L2 (Patorlling).prefab
  artifactKey: Guid(42e32c70c74718b4e87232d6560efe7d) Importer(815301076,1909f56bfc062723c751e8b465ee728b)
Start importing Assets/Prefabs/Enemies/L2/Skully_L2 (Patorlling).prefab using Guid(42e32c70c74718b4e87232d6560efe7d) Importer(815301076,1909f56bfc062723c751e8b465ee728b)  -> (artifact id: '80899751f77190ac4fe309182c29ba1c') in 0.033171 seconds
  Import took 0.049723 seconds .

========================================================================
Received Import Request.
  Time since last request: 4.134640 seconds.
  path: Assets/Prefabs/Enemies/L2/Skully_L2 (Sleeping).prefab
  artifactKey: Guid(515ed2daccb809b4195964adbcc7437d) Importer(815301076,1909f56bfc062723c751e8b465ee728b)
Start importing Assets/Prefabs/Enemies/L2/Skully_L2 (Sleeping).prefab using Guid(515ed2daccb809b4195964adbcc7437d) Importer(815301076,1909f56bfc062723c751e8b465ee728b)  -> (artifact id: 'eb308a4cabc82aba408da98bd5921307') in 0.027059 seconds
  Import took 0.036519 seconds .

========================================================================
Received Import Request.
  Time since last request: 0.002171 seconds.
  path: Assets/Prefabs/Enemies/L2/Skully_L2 (Sleeping).prefab
  artifactKey: Guid(515ed2daccb809b4195964adbcc7437d) Importer(815301076,1909f56bfc062723c751e8b465ee728b)
Start importing Assets/Prefabs/Enemies/L2/Skully_L2 (Sleeping).prefab using Guid(515ed2daccb809b4195964adbcc7437d) Importer(815301076,1909f56bfc062723c751e8b465ee728b)  -> (artifact id: 'eb308a4cabc82aba408da98bd5921307') in 0.027270 seconds
  Import took 0.042089 seconds .

========================================================================
Received Import Request.
  Time since last request: 7.984402 seconds.
  path: Assets/Prefabs/Enemies/L3/Skully_L3 (Patrolling).prefab
  artifactKey: Guid(baff66c187070fb459351e749fe77d18) Importer(815301076,1909f56bfc062723c751e8b465ee728b)
Start importing Assets/Prefabs/Enemies/L3/Skully_L3 (Patrolling).prefab using Guid(baff66c187070fb459351e749fe77d18) Importer(815301076,1909f56bfc062723c751e8b465ee728b)  -> (artifact id: 'c982a7243634dd68a0aba3d30acf9767') in 0.043739 seconds
  Import took 0.055478 seconds .

========================================================================
Received Import Request.
  Time since last request: 2.865871 seconds.
  path: Assets/Prefabs/Enemies/L3/Skully_L3 (Sleeping).prefab
  artifactKey: Guid(46844923390c7e440b755183bed897d9) Importer(815301076,1909f56bfc062723c751e8b465ee728b)
Start importing Assets/Prefabs/Enemies/L3/Skully_L3 (Sleeping).prefab using Guid(46844923390c7e440b755183bed897d9) Importer(815301076,1909f56bfc062723c751e8b465ee728b)  -> (artifact id: 'b0753c9684ef1ffc689ed26c601adc5c') in 0.024953 seconds
  Import took 0.036546 seconds .

========================================================================
Received Prepare
Registering precompiled user dll's ...
Registered in 0.001985 seconds.
Begin MonoManager ReloadAssembly
Native extension for WindowsStandalone target not found
Native extension for WebGL target not found
Refreshing native plugins compatible for Editor in 0.81 ms, found 1 plugins.
Preloading 0 native plugins for Editor in 0.00 ms.
Invoked RoslynAnalysisRunner static constructor.
RoslynAnalysisRunner will not be running.
RoslynAnalysisRunner has terminated.
Mono: successfully reloaded assembly
- Completed reload, in  1.280 seconds
Platform modules already initialized, skipping
Shader 'Universal Render Pipeline/Particles/Lit': fallback shader 'Universal Render Pipeline/Particles/SimpleLit' not found
Refreshing native plugins compatible for Editor in 1.04 ms, found 1 plugins.
Preloading 0 native plugins for Editor in 0.00 ms.
Unloading 3010 Unused Serialized files (Serialized files now loaded: 0)
System memory in use before: 139.1 MB.
System memory in use after: 139.4 MB.

Unloading 9 unused Assets to reduce memory usage. Loaded Objects now: 3919.
Total: 2.995200 ms (FindLiveObjects: 0.355700 ms CreateObjectMapping: 0.164500 ms MarkObjects: 2.452800 ms  DeleteObjects: 0.020700 ms)

AssetImportWorkerClient::OnTransportError - code=2 error=End of file
